<?xml version="1.0" encoding="UTF-8"?>
<!-- Generated by org.testng.reporters.JUnitXMLReporter -->
<testsuite ignored="0" hostname="DESKTOP-IBP3IHB" failures="0" tests="8" name="Command line test" time="54.554" errors="0" timestamp="26 дек. 2021 18:31:33 GMT">
  <testcase classname="TravelataHomePageTest" name="checkChangingCityCorrectness" time="5.087"/>
  <testcase classname="TravelataHomePageTest" name="checkMailingSubscriptionMessageWithCorrectEmail" time="3.974"/>
  <testcase classname="TravelataHomePageTest" name="checkTheIncorrectLogin" time="5.683"/>
  <testcase classname="TravelataHomePageTest" name="searchResultSuitsForParticularAmountOfTourists" time="5.703"/>
  <testcase classname="TravelataRussiaPageTest" name="choosenDirectionEqualsToDispayedDirection" time="2.595"/>
  <testcase classname="TravelataRussiaPageTest" name="filteringTourByDirection" time="6.831"/>
  <testcase classname="TravelataSearchPageTest" name="checkCorrectFilteringHotelsBySeaLine" time="4.307"/>
  <testcase classname="TravelataSearchPageTest" name="checkCorrectFilteringToursByBestHotelRating" time="4.574"/>
</testsuite> <!-- Command line test -->
