<?xml version="1.0" encoding="UTF-8"?>
<!-- Generated by org.testng.reporters.JUnitXMLReporter -->
<testsuite ignored="0" hostname="DESKTOP-IBP3IHB" failures="0" tests="8" name="Command line test" time="84.703" errors="0" timestamp="26 дек. 2021 19:40:44 GMT">
  <testcase classname="TravelataHomePageTest" name="checkChangingCityCorrectness" time="2.773"/>
  <testcase classname="TravelataHomePageTest" name="checkMailingSubscriptionMessageWithCorrectEmail" time="4.096"/>
  <testcase classname="TravelataHomePageTest" name="checkTheIncorrectLogin" time="6.214"/>
  <testcase classname="TravelataHomePageTest" name="searchResultSuitsForParticularAmountOfTourists" time="5.127"/>
  <testcase classname="TravelataRussiaPageTest" name="choosenDirectionEqualsToDispayedDirection" time="33.789"/>
  <testcase classname="TravelataRussiaPageTest" name="filteringTourByDirection" time="7.704"/>
  <testcase classname="TravelataSearchPageTest" name="checkCorrectFilteringHotelsBySeaLine" time="4.851"/>
  <testcase classname="TravelataSearchPageTest" name="checkCorrectFilteringToursByBestHotelRating" time="4.182"/>
</testsuite> <!-- Command line test -->
