<?xml version="1.0" encoding="UTF-8" ?>
<testsuite tests="8" failures="0" name="TestSuite" time="44.656" errors="0" skipped="0">
  <properties>
[...]
</properties>
  <testcase classname="TravelataHomePageTest" name="checkChangingCityCorrectness" time="5.354"/>
  <testcase classname="TravelataHomePageTest" name="checkMailingSubscriptionMessageWithCorrectEmail" time="4.215"/>
  <testcase classname="TravelataHomePageTest" name="checkTheIncorrectLogin" time="6.573"/>
  <testcase classname="TravelataHomePageTest" name="searchResultSuitsForParticularAmountOfTourists" time="5.521"/>
  <testcase classname="TravelataRussiaPageTest" name="choosenDirectionEqualsToDispayedDirection" time="6.486"/>
  <testcase classname="TravelataRussiaPageTest" name="filteringTourByDirection" time="7.373"/>
  <testcase classname="TravelataSearchPageTest" name="checkCorrectFilteringHotelsBySeaLine" time="4.787"/>
  <testcase classname="TravelataSearchPageTest" name="checkCorrectFilteringToursByBestHotelRating" time="4.347"/>
</testsuite>